<?xml version="1.0" encoding="UTF-8"?>
<!-- Generated by org.testng.reporters.JUnitXMLReporter -->
<testsuite ignored="0" hostname="DESKTOP-0R3UMGV" failures="0" tests="5" name="LeadsTab" time="110.32" errors="0" timestamp="2023-04-09T22:51:29 PDT">
  <testcase classname="com.training.testcases.LeadsTabTest" name="createNewLeadTC24" time="18.806"/>
  <testcase classname="com.training.testcases.LeadsTabTest" name="defaultViewLeadsTabTC22" time="19.729"/>
  <testcase classname="com.training.testcases.LeadsTabTest" name="leadsSelectViewTC21" time="32.616"/>
  <testcase classname="com.training.testcases.LeadsTabTest" name="leadsTabTC20" time="10.114"/>
  <testcase classname="com.training.testcases.LeadsTabTest" name="todaysLeadsViewTC23" time="11.124"/>
</testsuite> <!-- LeadsTab -->
