<?xml version="1.0" encoding="UTF-8"?>
<!-- Generated by org.testng.reporters.JUnitXMLReporter -->
<testsuite ignored="0" hostname="DESKTOP-0R3UMGV" failures="0" tests="6" name="Login" time="46.89" errors="0" timestamp="2023-04-09T22:48:26 PDT">
  <testcase classname="com.training.testcases.LoginTest" name="UserNameDropDownTC05" time="4.751"/>
  <testcase classname="com.training.testcases.LoginTest" name="forgotPwdTC04a" time="2.404"/>
  <testcase classname="com.training.testcases.LoginTest" name="incorrectLoginTC02" time="6.172"/>
  <testcase classname="com.training.testcases.LoginTest" name="incorrectUsernamePwdTC04b" time="0.926"/>
  <testcase classname="com.training.testcases.LoginTest" name="loginTC01" time="1.851"/>
  <testcase classname="com.training.testcases.LoginTest" name="userNameTabTC03" time="6.169"/>
</testsuite> <!-- Login -->
