<?xml version="1.0" encoding="UTF-8"?>
<!-- Generated by org.testng.reporters.JUnitXMLReporter -->
<testsuite ignored="0" hostname="DESKTOP-0R3UMGV" failures="0" tests="4" name="OppotunityTab" time="60.264" errors="0" timestamp="2023-04-09T22:49:39 PDT">
  <testcase classname="com.training.testcases.OppotunityTabTest" name="OppDropDownTC15" time="9.841"/>
  <testcase classname="com.training.testcases.OppotunityTabTest" name="oppPileLinkTC17" time="10.635"/>
  <testcase classname="com.training.testcases.OppotunityTabTest" name="stuckPileLinkTC18" time="10.995"/>
  <testcase classname="com.training.testcases.OppotunityTabTest" name="testSumReportTC19" time="11.75"/>
</testsuite> <!-- OppotunityTab -->
