<?xml version="1.0" encoding="UTF-8"?>
<!-- Generated by org.testng.reporters.JUnitXMLReporter -->
<testsuite hostname="DESKTOP-0R3UMGV" ignored="1" name="ContactsTab(failed)" tests="7" failures="0" timestamp="2023-05-04T09:49:56 PDT" time="131.054" errors="0">
  <testcase name="myContactsPageTC28" time="11.663" classname="com.training.testcases.ContactsTabTest"/>
  <testcase name="contactTC29" time="18.104" classname="com.training.testcases.ContactsTabTest"/>
  <testcase name="createNewViewTC26" time="11.794" classname="com.training.testcases.ContactsTabTest"/>
  <testcase name="recentlyCreatedTC27" time="10.333" classname="com.training.testcases.ContactsTabTest"/>
  <testcase name="saveNewBtnChkTC32" time="16.831" classname="com.training.testcases.ContactsTabTest"/>
  <testcase name="errMsgChkTC30" time="16.927" classname="com.training.testcases.ContactsTabTest"/>
  <testcase name="createNewContactTC25" time="12.757" classname="com.training.testcases.ContactsTabTest"/>
  <testcase name="CancelBtnChkTC31" time="0.0" classname="com.training.testcases.ContactsTabTest">
    <ignored/>
  </testcase> <!-- CancelBtnChkTC31 -->
</testsuite> <!-- ContactsTab(failed) -->
