<?xml version="1.0" encoding="UTF-8"?>
<!-- Generated by org.testng.reporters.JUnitXMLReporter -->
<testsuite hostname="DESKTOP-0R3UMGV" ignored="0" name="Login" tests="6" failures="0" timestamp="2023-05-11T12:10:13 PDT" time="57.749" errors="0">
  <testcase name="UserNameDropDownTC05" time="6.75" classname="com.training.testcases.LoginTest"/>
  <testcase name="forgotPwdTC04a" time="1.186" classname="com.training.testcases.LoginTest"/>
  <testcase name="incorrectLoginTC02" time="7.077" classname="com.training.testcases.LoginTest"/>
  <testcase name="incorrectUsernamePwdTC04b" time="0.71" classname="com.training.testcases.LoginTest"/>
  <testcase name="loginTC01" time="5.01" classname="com.training.testcases.LoginTest"/>
  <testcase name="userNameTabTC03" time="6.851" classname="com.training.testcases.LoginTest"/>
</testsuite> <!-- Login -->
