<?xml version="1.0" encoding="UTF-8"?>
<!-- Generated by org.testng.reporters.JUnitXMLReporter -->
<testsuite hostname="DESKTOP-0R3UMGV" ignored="0" name="LoginFirefox" tests="2" failures="0" timestamp="2023-05-05T09:38:01 PDT" time="8.02" errors="0">
  <testcase name="@BeforeTest beforeTestF" time="7.732" classname="com.training.testcases.LoginTestCB">
    <failure type="org.openqa.selenium.WebDriverException" message="Cannot find firefox binary in PATH. Make sure firefox is installed. OS appears to be: WIN10
Build info: version: &amp;apos;3.141.59&amp;apos;, revision: &amp;apos;e82be7d358&amp;apos;, time: &amp;apos;2018-11-14T08:17:03&amp;apos;
System info: host: &amp;apos;DESKTOP-0R3UMGV&amp;apos;, ip: &amp;apos;192.168.68.61&amp;apos;, os.name: &amp;apos;Windows 10&amp;apos;, os.arch: &amp;apos;amd64&amp;apos;, os.version: &amp;apos;10.0&amp;apos;, java.version: &amp;apos;1.8.0_241&amp;apos;
Driver info: driver.version: FirefoxDriver">
      <![CDATA[org.openqa.selenium.WebDriverException: Cannot find firefox binary in PATH. Make sure firefox is installed. OS appears to be: WIN10
Build info: version: '3.141.59', revision: 'e82be7d358', time: '2018-11-14T08:17:03'
System info: host: 'DESKTOP-0R3UMGV', ip: '192.168.68.61', os.name: 'Windows 10', os.arch: 'amd64', os.version: '10.0', java.version: '1.8.0_241'
Driver info: driver.version: FirefoxDriver
at org.openqa.selenium.firefox.FirefoxBinary.<init>(FirefoxBinary.java:100)
at java.util.Optional.orElseGet(Optional.java:267)
at org.openqa.selenium.firefox.FirefoxOptions.getBinary(FirefoxOptions.java:216)
at org.openqa.selenium.firefox.FirefoxDriver.toExecutor(FirefoxDriver.java:187)
at org.openqa.selenium.firefox.FirefoxDriver.<init>(FirefoxDriver.java:147)
at org.openqa.selenium.firefox.FirefoxDriver.<init>(FirefoxDriver.java:125)
at com.training.testcases.LoginTestCB.beforeTestF(LoginTestCB.java:56)
at java.util.concurrent.FutureTask.run(FutureTask.java:266)
at java.util.concurrent.ThreadPoolExecutor.runWorker(ThreadPoolExecutor.java:1149)
at java.util.concurrent.ThreadPoolExecutor$Worker.run(ThreadPoolExecutor.java:624)
at java.lang.Thread.run(Thread.java:748)
... Removed 15 stack frames]]>
    </failure>
  </testcase> <!-- @BeforeTest beforeTestF -->
  <testcase name="@AfterMethod afterMethod" time="0.0" classname="com.training.testcases.LoginTestCB">
    <skipped/>
  </testcase> <!-- @AfterMethod afterMethod -->
  <testcase name="@AfterMethod afterMethod" time="0.0" classname="com.training.testcases.LoginTestCB">
    <skipped/>
  </testcase> <!-- @AfterMethod afterMethod -->
  <testcase name="LoginChrome" time="0.0" classname="com.training.testcases.LoginTestCB">
    <skipped/>
  </testcase> <!-- LoginChrome -->
  <testcase name="LoginFirefox" time="0.001" classname="com.training.testcases.LoginTestCB">
    <skipped/>
  </testcase> <!-- LoginFirefox -->
</testsuite> <!-- LoginFirefox -->
